0 info it worked if it ends with ok
1 verbose cli [ 'C:\\Program Files\\nodejs\\node.exe',
1 verbose cli   'C:\\Program Files\\nodejs\\node_modules\\npm\\bin\\npm-cli.js',
1 verbose cli   'run',
1 verbose cli   'react-dev' ]
2 info using npm@4.1.2
3 info using node@v7.7.1
4 verbose run-script [ 'prereact-dev', 'react-dev', 'postreact-dev' ]
5 info lifecycle ecomm_web@1.0.0~prereact-dev: ecomm_web@1.0.0
6 silly lifecycle ecomm_web@1.0.0~prereact-dev: no script for prereact-dev, continuing
7 info lifecycle ecomm_web@1.0.0~react-dev: ecomm_web@1.0.0
8 verbose lifecycle ecomm_web@1.0.0~react-dev: unsafe-perm in lifecycle true
9 verbose lifecycle ecomm_web@1.0.0~react-dev: PATH: C:\Program Files\nodejs\node_modules\npm\bin\node-gyp-bin;C:\Users\omarj\Documents\workspace\Ecomm_web\react-client\node_modules\.bin;C:\Users\Omar Idris\.pm2;C:\WINDOWS;C:\WINDOWS\System32\Wbem;C:\WINDOWS\System32\WindowsPowerShell\v1.0\;C:\Program Files (x86)\Intel\Intel(R) Management Engine Components\DAL;C:\Program Files\Intel\Intel(R) Management Engine Components\DAL;C:\Program Files (x86)\Intel\Intel(R) Management Engine Components\IPT;C:\Program Files\Intel\Intel(R) Management Engine Components\IPT;C:\Program Files\Git\cmd;C:\Program Files\nodejs\;C:\Program Files\PuTTY\;C:\tizen-studio\tools\ide\bin;C:\Users\Omar Idris\Documents\;C:\Program Files\MySQL\MySQL Utilities 1.6\;C:\Program Files\MySQL\MySQL Server 5.7\bin;C:\Program Files\Redis\;C:\Python\Python37;C:\sqlite-tools-win32-x86-3210000;C:\WINDOWS\System32\OpenSSH\;C:\Program Files (x86)\Windows Kits\8.1\Windows Performance Toolkit\;C:\Users\omarj\AppData\Local\atom\bin;C:\Ruby24-x64\bin;C:\Program Files\TortoiseGit\bin;C:\Program Files\7-Zip;C:\Program Files\Intel\WiFi\bin\;C:\Program Files\Common Files\Intel\WirelessCommon\;C:\Program Files\Java\jre-10.0.1\bin;C:\Program Files\Java\jdk-11.0.1\bin;C:\tizen-studio\tools;C:\tizen-studio\tools\ide\bin;C:\Users\omarj\AppData\Local\atom\bin;C:\Ruby24-x64\bin\;C:\Users\omarj\.pm2;
10 verbose lifecycle ecomm_web@1.0.0~react-dev: CWD: C:\Users\omarj\Documents\workspace\Ecomm_web\react-client
11 silly lifecycle ecomm_web@1.0.0~react-dev: Args: [ '/d /s /c', 'webpack -d --watch' ]
12 silly lifecycle ecomm_web@1.0.0~react-dev: Returned: code: 1  signal: null
13 info lifecycle ecomm_web@1.0.0~react-dev: Failed to exec react-dev script
14 verbose stack Error: ecomm_web@1.0.0 react-dev: `webpack -d --watch`
14 verbose stack Exit status 1
14 verbose stack     at EventEmitter.<anonymous> (C:\Program Files\nodejs\node_modules\npm\lib\utils\lifecycle.js:279:16)
14 verbose stack     at emitTwo (events.js:106:13)
14 verbose stack     at EventEmitter.emit (events.js:194:7)
14 verbose stack     at ChildProcess.<anonymous> (C:\Program Files\nodejs\node_modules\npm\lib\utils\spawn.js:40:14)
14 verbose stack     at emitTwo (events.js:106:13)
14 verbose stack     at ChildProcess.emit (events.js:194:7)
14 verbose stack     at maybeClose (internal/child_process.js:899:16)
14 verbose stack     at Process.ChildProcess._handle.onexit (internal/child_process.js:226:5)
15 verbose pkgid ecomm_web@1.0.0
16 verbose cwd C:\Users\omarj\Documents\workspace\Ecomm_web\react-client
17 error Windows_NT 10.0.17134
18 error argv "C:\\Program Files\\nodejs\\node.exe" "C:\\Program Files\\nodejs\\node_modules\\npm\\bin\\npm-cli.js" "run" "react-dev"
19 error node v7.7.1
20 error npm  v4.1.2
21 error code ELIFECYCLE
22 error ecomm_web@1.0.0 react-dev: `webpack -d --watch`
22 error Exit status 1
23 error Failed at the ecomm_web@1.0.0 react-dev script 'webpack -d --watch'.
23 error Make sure you have the latest version of node.js and npm installed.
23 error If you do, this is most likely a problem with the ecomm_web package,
23 error not with npm itself.
23 error Tell the author that this fails on your system:
23 error     webpack -d --watch
23 error You can get information on how to open an issue for this project with:
23 error     npm bugs ecomm_web
23 error Or if that isn't available, you can get their info via:
23 error     npm owner ls ecomm_web
23 error There is likely additional logging output above.
24 verbose exit [ 1, true ]
